DEB [20210707-16:08:38.101] thr=1   paramiko.transport: starting thread (client mode): 0x45b88d90
DEB [20210707-16:08:38.101] thr=1   paramiko.transport: Local version/idstring: SSH-2.0-paramiko_2.7.2
DEB [20210707-16:08:38.126] thr=1   paramiko.transport: Remote version/idstring: SSH-2.0-OpenSSH_7.2p2 Ubuntu-4ubuntu2.7
INF [20210707-16:08:38.126] thr=1   paramiko.transport: Connected (version 2.0, client OpenSSH_7.2p2)
DEB [20210707-16:08:38.155] thr=1   paramiko.transport: kex algos:['curve25519-sha256@libssh.org', 'ecdh-sha2-nistp256', 'ecdh-sha2-nistp384', 'ecdh-sha2-nistp521', 'diffie-hellman-group-exchange-sha256', 'diffie-hellman-group14-sha1'] server key:['ssh-rsa', 'rsa-sha2-512', 'rsa-sha2-256', 'ecdsa-sha2-nistp256', 'ssh-ed25519'] client encrypt:['chacha20-poly1305@openssh.com', 'aes128-ctr', 'aes192-ctr', 'aes256-ctr', 'aes128-gcm@openssh.com', 'aes256-gcm@openssh.com'] server encrypt:['chacha20-poly1305@openssh.com', 'aes128-ctr', 'aes192-ctr', 'aes256-ctr', 'aes128-gcm@openssh.com', 'aes256-gcm@openssh.com'] client mac:['umac-64-etm@openssh.com', 'umac-128-etm@openssh.com', 'hmac-sha2-256-etm@openssh.com', 'hmac-sha2-512-etm@openssh.com', 'hmac-sha1-etm@openssh.com', 'umac-64@openssh.com', 'umac-128@openssh.com', 'hmac-sha2-256', 'hmac-sha2-512', 'hmac-sha1'] server mac:['umac-64-etm@openssh.com', 'umac-128-etm@openssh.com', 'hmac-sha2-256-etm@openssh.com', 'hmac-sha2-512-etm@openssh.com', 'hmac-sha1-etm@openssh.com', 'umac-64@openssh.com', 'umac-128@openssh.com', 'hmac-sha2-256', 'hmac-sha2-512', 'hmac-sha1'] client compress:['none', 'zlib@openssh.com'] server compress:['none', 'zlib@openssh.com'] client lang:[''] server lang:[''] kex follows?False
DEB [20210707-16:08:38.155] thr=1   paramiko.transport: Kex agreed: curve25519-sha256@libssh.org
DEB [20210707-16:08:38.155] thr=1   paramiko.transport: HostKey agreed: ssh-ed25519
DEB [20210707-16:08:38.155] thr=1   paramiko.transport: Cipher agreed: aes128-ctr
DEB [20210707-16:08:38.156] thr=1   paramiko.transport: MAC agreed: hmac-sha2-256
DEB [20210707-16:08:38.156] thr=1   paramiko.transport: Compression agreed: none
DEB [20210707-16:08:38.221] thr=1   paramiko.transport: kex engine KexCurve25519 specified hash_algo <built-in function openssl_sha256>
DEB [20210707-16:08:38.222] thr=1   paramiko.transport: Switch to new keys ...
DEB [20210707-16:08:38.223] thr=2   paramiko.transport: Adding ssh-ed25519 host key for 10.188.82.107: b'976cf59866837d43900bb3905d126feb'
DEB [20210707-16:08:38.233] thr=2   paramiko.transport: Trying discovered key b'47d29832bab2b42ece1cbe338f0a529f' in /home/trade/.ssh/id_rsa
DEB [20210707-16:08:38.308] thr=1   paramiko.transport: userauth is OK
INF [20210707-16:08:38.338] thr=1   paramiko.transport: Authentication (publickey) failed.
DEB [20210707-16:08:38.363] thr=1   paramiko.transport: userauth is OK
INF [20210707-16:08:38.392] thr=1   paramiko.transport: Authentication (password) successful!
DEB [20210707-16:08:38.392] thr=2   paramiko.transport: [chan 0] Max packet in: 32768 bytes
DEB [20210707-16:08:38.490] thr=1   paramiko.transport: Received global request "hostkeys-00@openssh.com"
DEB [20210707-16:08:38.491] thr=1   paramiko.transport: Rejecting "hostkeys-00@openssh.com" global request from server.
DEB [20210707-16:08:38.553] thr=1   paramiko.transport: [chan 0] Max packet out: 32768 bytes
DEB [20210707-16:08:38.554] thr=1   paramiko.transport: Secsh channel 0 opened.
DEB [20210707-16:08:38.578] thr=1   paramiko.transport: [chan 0] Sesch channel 0 request ok
DEB [20210707-16:08:38.580] thr=1   paramiko.transport: [chan 0] EOF received (0)
DEB [20210707-16:08:38.580] thr=2   paramiko.transport: [chan 0] EOF sent (0)
DEB [20210707-16:08:38.582] thr=1   paramiko.transport: EOF in transport thread
DEB [20210707-16:14:02.883] thr=1   paramiko.transport: starting thread (client mode): 0xfbe8ec50
DEB [20210707-16:14:02.884] thr=1   paramiko.transport: Local version/idstring: SSH-2.0-paramiko_2.7.2
DEB [20210707-16:14:02.910] thr=1   paramiko.transport: Remote version/idstring: SSH-2.0-OpenSSH_7.2p2 Ubuntu-4ubuntu2.7
INF [20210707-16:14:02.910] thr=1   paramiko.transport: Connected (version 2.0, client OpenSSH_7.2p2)
DEB [20210707-16:14:02.934] thr=1   paramiko.transport: kex algos:['curve25519-sha256@libssh.org', 'ecdh-sha2-nistp256', 'ecdh-sha2-nistp384', 'ecdh-sha2-nistp521', 'diffie-hellman-group-exchange-sha256', 'diffie-hellman-group14-sha1'] server key:['ssh-rsa', 'rsa-sha2-512', 'rsa-sha2-256', 'ecdsa-sha2-nistp256', 'ssh-ed25519'] client encrypt:['chacha20-poly1305@openssh.com', 'aes128-ctr', 'aes192-ctr', 'aes256-ctr', 'aes128-gcm@openssh.com', 'aes256-gcm@openssh.com'] server encrypt:['chacha20-poly1305@openssh.com', 'aes128-ctr', 'aes192-ctr', 'aes256-ctr', 'aes128-gcm@openssh.com', 'aes256-gcm@openssh.com'] client mac:['umac-64-etm@openssh.com', 'umac-128-etm@openssh.com', 'hmac-sha2-256-etm@openssh.com', 'hmac-sha2-512-etm@openssh.com', 'hmac-sha1-etm@openssh.com', 'umac-64@openssh.com', 'umac-128@openssh.com', 'hmac-sha2-256', 'hmac-sha2-512', 'hmac-sha1'] server mac:['umac-64-etm@openssh.com', 'umac-128-etm@openssh.com', 'hmac-sha2-256-etm@openssh.com', 'hmac-sha2-512-etm@openssh.com', 'hmac-sha1-etm@openssh.com', 'umac-64@openssh.com', 'umac-128@openssh.com', 'hmac-sha2-256', 'hmac-sha2-512', 'hmac-sha1'] client compress:['none', 'zlib@openssh.com'] server compress:['none', 'zlib@openssh.com'] client lang:[''] server lang:[''] kex follows?False
DEB [20210707-16:14:02.934] thr=1   paramiko.transport: Kex agreed: curve25519-sha256@libssh.org
DEB [20210707-16:14:02.935] thr=1   paramiko.transport: HostKey agreed: ssh-ed25519
DEB [20210707-16:14:02.935] thr=1   paramiko.transport: Cipher agreed: aes128-ctr
DEB [20210707-16:14:02.935] thr=1   paramiko.transport: MAC agreed: hmac-sha2-256
DEB [20210707-16:14:02.935] thr=1   paramiko.transport: Compression agreed: none
DEB [20210707-16:14:03.004] thr=1   paramiko.transport: kex engine KexCurve25519 specified hash_algo <built-in function openssl_sha256>
DEB [20210707-16:14:03.005] thr=1   paramiko.transport: Switch to new keys ...
DEB [20210707-16:14:03.006] thr=2   paramiko.transport: Adding ssh-ed25519 host key for 10.188.82.107: b'976cf59866837d43900bb3905d126feb'
DEB [20210707-16:14:03.017] thr=2   paramiko.transport: Trying discovered key b'47d29832bab2b42ece1cbe338f0a529f' in /home/trade/.ssh/id_rsa
DEB [20210707-16:14:03.092] thr=1   paramiko.transport: userauth is OK
INF [20210707-16:14:03.124] thr=1   paramiko.transport: Authentication (publickey) failed.
DEB [20210707-16:14:03.149] thr=1   paramiko.transport: userauth is OK
INF [20210707-16:14:03.178] thr=1   paramiko.transport: Authentication (password) successful!
DEB [20210707-16:14:03.179] thr=2   paramiko.transport: [chan 0] Max packet in: 32768 bytes
DEB [20210707-16:14:03.286] thr=1   paramiko.transport: Received global request "hostkeys-00@openssh.com"
DEB [20210707-16:14:03.286] thr=1   paramiko.transport: Rejecting "hostkeys-00@openssh.com" global request from server.
DEB [20210707-16:14:03.350] thr=1   paramiko.transport: [chan 0] Max packet out: 32768 bytes
DEB [20210707-16:14:03.350] thr=1   paramiko.transport: Secsh channel 0 opened.
DEB [20210707-16:14:03.376] thr=1   paramiko.transport: [chan 0] Sesch channel 0 request ok
DEB [20210707-16:14:03.377] thr=1   paramiko.transport: [chan 0] EOF received (0)
DEB [20210707-16:14:03.378] thr=2   paramiko.transport: [chan 0] EOF sent (0)
DEB [20210707-16:14:03.379] thr=1   paramiko.transport: EOF in transport thread
DEB [20210707-16:14:44.209] thr=1   paramiko.transport: starting thread (client mode): 0xc8423350
DEB [20210707-16:14:44.210] thr=1   paramiko.transport: Local version/idstring: SSH-2.0-paramiko_2.7.2
DEB [20210707-16:14:44.236] thr=1   paramiko.transport: Remote version/idstring: SSH-2.0-OpenSSH_7.2p2 Ubuntu-4ubuntu2.7
INF [20210707-16:14:44.236] thr=1   paramiko.transport: Connected (version 2.0, client OpenSSH_7.2p2)
DEB [20210707-16:14:44.260] thr=1   paramiko.transport: kex algos:['curve25519-sha256@libssh.org', 'ecdh-sha2-nistp256', 'ecdh-sha2-nistp384', 'ecdh-sha2-nistp521', 'diffie-hellman-group-exchange-sha256', 'diffie-hellman-group14-sha1'] server key:['ssh-rsa', 'rsa-sha2-512', 'rsa-sha2-256', 'ecdsa-sha2-nistp256', 'ssh-ed25519'] client encrypt:['chacha20-poly1305@openssh.com', 'aes128-ctr', 'aes192-ctr', 'aes256-ctr', 'aes128-gcm@openssh.com', 'aes256-gcm@openssh.com'] server encrypt:['chacha20-poly1305@openssh.com', 'aes128-ctr', 'aes192-ctr', 'aes256-ctr', 'aes128-gcm@openssh.com', 'aes256-gcm@openssh.com'] client mac:['umac-64-etm@openssh.com', 'umac-128-etm@openssh.com', 'hmac-sha2-256-etm@openssh.com', 'hmac-sha2-512-etm@openssh.com', 'hmac-sha1-etm@openssh.com', 'umac-64@openssh.com', 'umac-128@openssh.com', 'hmac-sha2-256', 'hmac-sha2-512', 'hmac-sha1'] server mac:['umac-64-etm@openssh.com', 'umac-128-etm@openssh.com', 'hmac-sha2-256-etm@openssh.com', 'hmac-sha2-512-etm@openssh.com', 'hmac-sha1-etm@openssh.com', 'umac-64@openssh.com', 'umac-128@openssh.com', 'hmac-sha2-256', 'hmac-sha2-512', 'hmac-sha1'] client compress:['none', 'zlib@openssh.com'] server compress:['none', 'zlib@openssh.com'] client lang:[''] server lang:[''] kex follows?False
DEB [20210707-16:14:44.260] thr=1   paramiko.transport: Kex agreed: curve25519-sha256@libssh.org
DEB [20210707-16:14:44.261] thr=1   paramiko.transport: HostKey agreed: ssh-ed25519
DEB [20210707-16:14:44.261] thr=1   paramiko.transport: Cipher agreed: aes128-ctr
DEB [20210707-16:14:44.261] thr=1   paramiko.transport: MAC agreed: hmac-sha2-256
DEB [20210707-16:14:44.261] thr=1   paramiko.transport: Compression agreed: none
DEB [20210707-16:14:44.328] thr=1   paramiko.transport: kex engine KexCurve25519 specified hash_algo <built-in function openssl_sha256>
DEB [20210707-16:14:44.329] thr=1   paramiko.transport: Switch to new keys ...
DEB [20210707-16:14:44.329] thr=2   paramiko.transport: Adding ssh-ed25519 host key for 10.188.82.107: b'976cf59866837d43900bb3905d126feb'
DEB [20210707-16:14:44.340] thr=2   paramiko.transport: Trying discovered key b'47d29832bab2b42ece1cbe338f0a529f' in /home/trade/.ssh/id_rsa
DEB [20210707-16:14:44.415] thr=1   paramiko.transport: userauth is OK
INF [20210707-16:14:44.446] thr=1   paramiko.transport: Authentication (publickey) failed.
DEB [20210707-16:14:44.471] thr=1   paramiko.transport: userauth is OK
INF [20210707-16:14:44.500] thr=1   paramiko.transport: Authentication (password) successful!
DEB [20210707-16:14:44.500] thr=2   paramiko.transport: [chan 0] Max packet in: 32768 bytes
DEB [20210707-16:14:44.594] thr=1   paramiko.transport: Received global request "hostkeys-00@openssh.com"
DEB [20210707-16:14:44.594] thr=1   paramiko.transport: Rejecting "hostkeys-00@openssh.com" global request from server.
DEB [20210707-16:14:44.658] thr=1   paramiko.transport: [chan 0] Max packet out: 32768 bytes
DEB [20210707-16:14:44.659] thr=1   paramiko.transport: Secsh channel 0 opened.
DEB [20210707-16:14:44.685] thr=1   paramiko.transport: [chan 0] Sesch channel 0 request ok
DEB [20210707-16:14:44.686] thr=1   paramiko.transport: [chan 0] EOF received (0)
DEB [20210707-16:14:44.686] thr=2   paramiko.transport: [chan 0] EOF sent (0)
DEB [20210707-16:14:44.688] thr=1   paramiko.transport: EOF in transport thread
DEB [20210707-16:25:00.844] thr=1   paramiko.transport: starting thread (client mode): 0x3468ad10
DEB [20210707-16:25:00.845] thr=1   paramiko.transport: Local version/idstring: SSH-2.0-paramiko_2.7.2
DEB [20210707-16:25:00.873] thr=1   paramiko.transport: Remote version/idstring: SSH-2.0-OpenSSH_7.2p2 Ubuntu-4ubuntu2.7
INF [20210707-16:25:00.873] thr=1   paramiko.transport: Connected (version 2.0, client OpenSSH_7.2p2)
DEB [20210707-16:25:00.899] thr=1   paramiko.transport: kex algos:['curve25519-sha256@libssh.org', 'ecdh-sha2-nistp256', 'ecdh-sha2-nistp384', 'ecdh-sha2-nistp521', 'diffie-hellman-group-exchange-sha256', 'diffie-hellman-group14-sha1'] server key:['ssh-rsa', 'rsa-sha2-512', 'rsa-sha2-256', 'ecdsa-sha2-nistp256', 'ssh-ed25519'] client encrypt:['chacha20-poly1305@openssh.com', 'aes128-ctr', 'aes192-ctr', 'aes256-ctr', 'aes128-gcm@openssh.com', 'aes256-gcm@openssh.com'] server encrypt:['chacha20-poly1305@openssh.com', 'aes128-ctr', 'aes192-ctr', 'aes256-ctr', 'aes128-gcm@openssh.com', 'aes256-gcm@openssh.com'] client mac:['umac-64-etm@openssh.com', 'umac-128-etm@openssh.com', 'hmac-sha2-256-etm@openssh.com', 'hmac-sha2-512-etm@openssh.com', 'hmac-sha1-etm@openssh.com', 'umac-64@openssh.com', 'umac-128@openssh.com', 'hmac-sha2-256', 'hmac-sha2-512', 'hmac-sha1'] server mac:['umac-64-etm@openssh.com', 'umac-128-etm@openssh.com', 'hmac-sha2-256-etm@openssh.com', 'hmac-sha2-512-etm@openssh.com', 'hmac-sha1-etm@openssh.com', 'umac-64@openssh.com', 'umac-128@openssh.com', 'hmac-sha2-256', 'hmac-sha2-512', 'hmac-sha1'] client compress:['none', 'zlib@openssh.com'] server compress:['none', 'zlib@openssh.com'] client lang:[''] server lang:[''] kex follows?False
DEB [20210707-16:25:00.899] thr=1   paramiko.transport: Kex agreed: curve25519-sha256@libssh.org
DEB [20210707-16:25:00.899] thr=1   paramiko.transport: HostKey agreed: ssh-ed25519
DEB [20210707-16:25:00.899] thr=1   paramiko.transport: Cipher agreed: aes128-ctr
DEB [20210707-16:25:00.900] thr=1   paramiko.transport: MAC agreed: hmac-sha2-256
DEB [20210707-16:25:00.900] thr=1   paramiko.transport: Compression agreed: none
DEB [20210707-16:25:00.964] thr=1   paramiko.transport: kex engine KexCurve25519 specified hash_algo <built-in function openssl_sha256>
DEB [20210707-16:25:00.964] thr=1   paramiko.transport: Switch to new keys ...
DEB [20210707-16:25:00.965] thr=2   paramiko.transport: Adding ssh-ed25519 host key for 10.188.82.107: b'976cf59866837d43900bb3905d126feb'
DEB [20210707-16:25:00.975] thr=2   paramiko.transport: Trying discovered key b'47d29832bab2b42ece1cbe338f0a529f' in /home/trade/.ssh/id_rsa
DEB [20210707-16:25:01.051] thr=1   paramiko.transport: userauth is OK
INF [20210707-16:25:01.081] thr=1   paramiko.transport: Authentication (publickey) failed.
DEB [20210707-16:25:01.106] thr=1   paramiko.transport: userauth is OK
INF [20210707-16:25:01.135] thr=1   paramiko.transport: Authentication (password) successful!
DEB [20210707-16:25:01.135] thr=2   paramiko.transport: [chan 0] Max packet in: 32768 bytes
DEB [20210707-16:25:01.238] thr=1   paramiko.transport: Received global request "hostkeys-00@openssh.com"
DEB [20210707-16:25:01.238] thr=1   paramiko.transport: Rejecting "hostkeys-00@openssh.com" global request from server.
DEB [20210707-16:25:01.301] thr=1   paramiko.transport: [chan 0] Max packet out: 32768 bytes
DEB [20210707-16:25:01.301] thr=1   paramiko.transport: Secsh channel 0 opened.
DEB [20210707-16:25:01.326] thr=1   paramiko.transport: [chan 0] Sesch channel 0 request ok
DEB [20210707-16:25:01.327] thr=1   paramiko.transport: [chan 0] EOF received (0)
DEB [20210707-16:25:01.327] thr=1   paramiko.transport: [chan 0] EOF sent (0)
DEB [20210707-16:25:01.329] thr=1   paramiko.transport: Dropping user packet because connection is dead.
DEB [20210707-16:25:25.531] thr=1   paramiko.transport: starting thread (client mode): 0x3d6b0fd0
DEB [20210707-16:25:25.531] thr=1   paramiko.transport: Local version/idstring: SSH-2.0-paramiko_2.7.2
DEB [20210707-16:25:25.556] thr=1   paramiko.transport: Remote version/idstring: SSH-2.0-OpenSSH_7.2p2 Ubuntu-4ubuntu2.7
INF [20210707-16:25:25.556] thr=1   paramiko.transport: Connected (version 2.0, client OpenSSH_7.2p2)
DEB [20210707-16:25:25.581] thr=1   paramiko.transport: kex algos:['curve25519-sha256@libssh.org', 'ecdh-sha2-nistp256', 'ecdh-sha2-nistp384', 'ecdh-sha2-nistp521', 'diffie-hellman-group-exchange-sha256', 'diffie-hellman-group14-sha1'] server key:['ssh-rsa', 'rsa-sha2-512', 'rsa-sha2-256', 'ecdsa-sha2-nistp256', 'ssh-ed25519'] client encrypt:['chacha20-poly1305@openssh.com', 'aes128-ctr', 'aes192-ctr', 'aes256-ctr', 'aes128-gcm@openssh.com', 'aes256-gcm@openssh.com'] server encrypt:['chacha20-poly1305@openssh.com', 'aes128-ctr', 'aes192-ctr', 'aes256-ctr', 'aes128-gcm@openssh.com', 'aes256-gcm@openssh.com'] client mac:['umac-64-etm@openssh.com', 'umac-128-etm@openssh.com', 'hmac-sha2-256-etm@openssh.com', 'hmac-sha2-512-etm@openssh.com', 'hmac-sha1-etm@openssh.com', 'umac-64@openssh.com', 'umac-128@openssh.com', 'hmac-sha2-256', 'hmac-sha2-512', 'hmac-sha1'] server mac:['umac-64-etm@openssh.com', 'umac-128-etm@openssh.com', 'hmac-sha2-256-etm@openssh.com', 'hmac-sha2-512-etm@openssh.com', 'hmac-sha1-etm@openssh.com', 'umac-64@openssh.com', 'umac-128@openssh.com', 'hmac-sha2-256', 'hmac-sha2-512', 'hmac-sha1'] client compress:['none', 'zlib@openssh.com'] server compress:['none', 'zlib@openssh.com'] client lang:[''] server lang:[''] kex follows?False
DEB [20210707-16:25:25.581] thr=1   paramiko.transport: Kex agreed: curve25519-sha256@libssh.org
DEB [20210707-16:25:25.581] thr=1   paramiko.transport: HostKey agreed: ssh-ed25519
DEB [20210707-16:25:25.581] thr=1   paramiko.transport: Cipher agreed: aes128-ctr
DEB [20210707-16:25:25.582] thr=1   paramiko.transport: MAC agreed: hmac-sha2-256
DEB [20210707-16:25:25.582] thr=1   paramiko.transport: Compression agreed: none
DEB [20210707-16:25:25.647] thr=1   paramiko.transport: kex engine KexCurve25519 specified hash_algo <built-in function openssl_sha256>
DEB [20210707-16:25:25.648] thr=1   paramiko.transport: Switch to new keys ...
DEB [20210707-16:25:25.649] thr=2   paramiko.transport: Adding ssh-ed25519 host key for 10.188.82.107: b'976cf59866837d43900bb3905d126feb'
DEB [20210707-16:25:25.657] thr=2   paramiko.transport: Trying discovered key b'47d29832bab2b42ece1cbe338f0a529f' in /home/trade/.ssh/id_rsa
DEB [20210707-16:25:25.737] thr=1   paramiko.transport: userauth is OK
INF [20210707-16:25:25.767] thr=1   paramiko.transport: Authentication (publickey) failed.
DEB [20210707-16:25:25.792] thr=1   paramiko.transport: userauth is OK
INF [20210707-16:25:25.821] thr=1   paramiko.transport: Authentication (password) successful!
DEB [20210707-16:25:25.821] thr=2   paramiko.transport: [chan 0] Max packet in: 32768 bytes
DEB [20210707-16:25:25.930] thr=1   paramiko.transport: Received global request "hostkeys-00@openssh.com"
DEB [20210707-16:25:25.930] thr=1   paramiko.transport: Rejecting "hostkeys-00@openssh.com" global request from server.
DEB [20210707-16:25:25.998] thr=1   paramiko.transport: [chan 0] Max packet out: 32768 bytes
DEB [20210707-16:25:25.998] thr=1   paramiko.transport: Secsh channel 0 opened.
DEB [20210707-16:25:26.024] thr=1   paramiko.transport: [chan 0] Sesch channel 0 request ok
DEB [20210707-16:25:26.027] thr=1   paramiko.transport: [chan 0] EOF received (0)
DEB [20210707-16:25:26.028] thr=1   paramiko.transport: [chan 0] EOF sent (0)
DEB [20210707-16:26:14.389] thr=1   paramiko.transport: starting thread (client mode): 0xaf7ec50
DEB [20210707-16:26:14.389] thr=1   paramiko.transport: Local version/idstring: SSH-2.0-paramiko_2.7.2
DEB [20210707-16:26:14.414] thr=1   paramiko.transport: Remote version/idstring: SSH-2.0-OpenSSH_7.2p2 Ubuntu-4ubuntu2.7
INF [20210707-16:26:14.414] thr=1   paramiko.transport: Connected (version 2.0, client OpenSSH_7.2p2)
DEB [20210707-16:26:14.438] thr=1   paramiko.transport: kex algos:['curve25519-sha256@libssh.org', 'ecdh-sha2-nistp256', 'ecdh-sha2-nistp384', 'ecdh-sha2-nistp521', 'diffie-hellman-group-exchange-sha256', 'diffie-hellman-group14-sha1'] server key:['ssh-rsa', 'rsa-sha2-512', 'rsa-sha2-256', 'ecdsa-sha2-nistp256', 'ssh-ed25519'] client encrypt:['chacha20-poly1305@openssh.com', 'aes128-ctr', 'aes192-ctr', 'aes256-ctr', 'aes128-gcm@openssh.com', 'aes256-gcm@openssh.com'] server encrypt:['chacha20-poly1305@openssh.com', 'aes128-ctr', 'aes192-ctr', 'aes256-ctr', 'aes128-gcm@openssh.com', 'aes256-gcm@openssh.com'] client mac:['umac-64-etm@openssh.com', 'umac-128-etm@openssh.com', 'hmac-sha2-256-etm@openssh.com', 'hmac-sha2-512-etm@openssh.com', 'hmac-sha1-etm@openssh.com', 'umac-64@openssh.com', 'umac-128@openssh.com', 'hmac-sha2-256', 'hmac-sha2-512', 'hmac-sha1'] server mac:['umac-64-etm@openssh.com', 'umac-128-etm@openssh.com', 'hmac-sha2-256-etm@openssh.com', 'hmac-sha2-512-etm@openssh.com', 'hmac-sha1-etm@openssh.com', 'umac-64@openssh.com', 'umac-128@openssh.com', 'hmac-sha2-256', 'hmac-sha2-512', 'hmac-sha1'] client compress:['none', 'zlib@openssh.com'] server compress:['none', 'zlib@openssh.com'] client lang:[''] server lang:[''] kex follows?False
DEB [20210707-16:26:14.439] thr=1   paramiko.transport: Kex agreed: curve25519-sha256@libssh.org
DEB [20210707-16:26:14.439] thr=1   paramiko.transport: HostKey agreed: ssh-ed25519
DEB [20210707-16:26:14.439] thr=1   paramiko.transport: Cipher agreed: aes128-ctr
DEB [20210707-16:26:14.439] thr=1   paramiko.transport: MAC agreed: hmac-sha2-256
DEB [20210707-16:26:14.440] thr=1   paramiko.transport: Compression agreed: none
DEB [20210707-16:26:14.508] thr=1   paramiko.transport: kex engine KexCurve25519 specified hash_algo <built-in function openssl_sha256>
DEB [20210707-16:26:14.509] thr=1   paramiko.transport: Switch to new keys ...
DEB [20210707-16:26:14.509] thr=2   paramiko.transport: Adding ssh-ed25519 host key for 10.188.82.107: b'976cf59866837d43900bb3905d126feb'
DEB [20210707-16:26:14.521] thr=2   paramiko.transport: Trying discovered key b'47d29832bab2b42ece1cbe338f0a529f' in /home/trade/.ssh/id_rsa
DEB [20210707-16:26:14.594] thr=1   paramiko.transport: userauth is OK
INF [20210707-16:26:14.625] thr=1   paramiko.transport: Authentication (publickey) failed.
DEB [20210707-16:26:14.650] thr=1   paramiko.transport: userauth is OK
INF [20210707-16:26:14.679] thr=1   paramiko.transport: Authentication (password) successful!
DEB [20210707-16:26:14.679] thr=2   paramiko.transport: [chan 0] Max packet in: 32768 bytes
DEB [20210707-16:26:14.778] thr=1   paramiko.transport: Received global request "hostkeys-00@openssh.com"
DEB [20210707-16:26:14.778] thr=1   paramiko.transport: Rejecting "hostkeys-00@openssh.com" global request from server.
DEB [20210707-16:26:14.842] thr=1   paramiko.transport: [chan 0] Max packet out: 32768 bytes
DEB [20210707-16:26:14.842] thr=1   paramiko.transport: Secsh channel 0 opened.
DEB [20210707-16:26:14.867] thr=1   paramiko.transport: [chan 0] Sesch channel 0 request ok
DEB [20210707-16:26:14.868] thr=1   paramiko.transport: [chan 0] EOF received (0)
DEB [20210707-16:26:14.868] thr=1   paramiko.transport: [chan 0] EOF sent (0)
DEB [20210707-16:26:14.869] thr=1   paramiko.transport: Dropping user packet because connection is dead.
DEB [20210707-16:27:31.604] thr=1   paramiko.transport: starting thread (client mode): 0xe642dd0
DEB [20210707-16:27:31.604] thr=1   paramiko.transport: Local version/idstring: SSH-2.0-paramiko_2.7.2
DEB [20210707-16:27:31.629] thr=1   paramiko.transport: Remote version/idstring: SSH-2.0-OpenSSH_7.2p2 Ubuntu-4ubuntu2.7
INF [20210707-16:27:31.629] thr=1   paramiko.transport: Connected (version 2.0, client OpenSSH_7.2p2)
DEB [20210707-16:27:31.654] thr=1   paramiko.transport: kex algos:['curve25519-sha256@libssh.org', 'ecdh-sha2-nistp256', 'ecdh-sha2-nistp384', 'ecdh-sha2-nistp521', 'diffie-hellman-group-exchange-sha256', 'diffie-hellman-group14-sha1'] server key:['ssh-rsa', 'rsa-sha2-512', 'rsa-sha2-256', 'ecdsa-sha2-nistp256', 'ssh-ed25519'] client encrypt:['chacha20-poly1305@openssh.com', 'aes128-ctr', 'aes192-ctr', 'aes256-ctr', 'aes128-gcm@openssh.com', 'aes256-gcm@openssh.com'] server encrypt:['chacha20-poly1305@openssh.com', 'aes128-ctr', 'aes192-ctr', 'aes256-ctr', 'aes128-gcm@openssh.com', 'aes256-gcm@openssh.com'] client mac:['umac-64-etm@openssh.com', 'umac-128-etm@openssh.com', 'hmac-sha2-256-etm@openssh.com', 'hmac-sha2-512-etm@openssh.com', 'hmac-sha1-etm@openssh.com', 'umac-64@openssh.com', 'umac-128@openssh.com', 'hmac-sha2-256', 'hmac-sha2-512', 'hmac-sha1'] server mac:['umac-64-etm@openssh.com', 'umac-128-etm@openssh.com', 'hmac-sha2-256-etm@openssh.com', 'hmac-sha2-512-etm@openssh.com', 'hmac-sha1-etm@openssh.com', 'umac-64@openssh.com', 'umac-128@openssh.com', 'hmac-sha2-256', 'hmac-sha2-512', 'hmac-sha1'] client compress:['none', 'zlib@openssh.com'] server compress:['none', 'zlib@openssh.com'] client lang:[''] server lang:[''] kex follows?False
DEB [20210707-16:27:31.654] thr=1   paramiko.transport: Kex agreed: curve25519-sha256@libssh.org
DEB [20210707-16:27:31.654] thr=1   paramiko.transport: HostKey agreed: ssh-ed25519
DEB [20210707-16:27:31.654] thr=1   paramiko.transport: Cipher agreed: aes128-ctr
DEB [20210707-16:27:31.654] thr=1   paramiko.transport: MAC agreed: hmac-sha2-256
DEB [20210707-16:27:31.655] thr=1   paramiko.transport: Compression agreed: none
DEB [20210707-16:27:31.723] thr=1   paramiko.transport: kex engine KexCurve25519 specified hash_algo <built-in function openssl_sha256>
DEB [20210707-16:27:31.723] thr=1   paramiko.transport: Switch to new keys ...
DEB [20210707-16:27:31.724] thr=2   paramiko.transport: Adding ssh-ed25519 host key for 10.188.82.107: b'976cf59866837d43900bb3905d126feb'
DEB [20210707-16:27:31.735] thr=2   paramiko.transport: Trying discovered key b'47d29832bab2b42ece1cbe338f0a529f' in /home/trade/.ssh/id_rsa
DEB [20210707-16:27:31.810] thr=1   paramiko.transport: userauth is OK
INF [20210707-16:27:31.841] thr=1   paramiko.transport: Authentication (publickey) failed.
DEB [20210707-16:27:31.866] thr=1   paramiko.transport: userauth is OK
INF [20210707-16:27:33.739] thr=1   paramiko.transport: Authentication (password) failed.
DEB [20210707-16:30:39.640] thr=1   paramiko.transport: starting thread (client mode): 0x81fc9d10
DEB [20210707-16:30:39.640] thr=1   paramiko.transport: Local version/idstring: SSH-2.0-paramiko_2.7.2
DEB [20210707-16:30:39.665] thr=1   paramiko.transport: Remote version/idstring: SSH-2.0-OpenSSH_7.2p2 Ubuntu-4ubuntu2.7
INF [20210707-16:30:39.666] thr=1   paramiko.transport: Connected (version 2.0, client OpenSSH_7.2p2)
DEB [20210707-16:30:39.690] thr=1   paramiko.transport: kex algos:['curve25519-sha256@libssh.org', 'ecdh-sha2-nistp256', 'ecdh-sha2-nistp384', 'ecdh-sha2-nistp521', 'diffie-hellman-group-exchange-sha256', 'diffie-hellman-group14-sha1'] server key:['ssh-rsa', 'rsa-sha2-512', 'rsa-sha2-256', 'ecdsa-sha2-nistp256', 'ssh-ed25519'] client encrypt:['chacha20-poly1305@openssh.com', 'aes128-ctr', 'aes192-ctr', 'aes256-ctr', 'aes128-gcm@openssh.com', 'aes256-gcm@openssh.com'] server encrypt:['chacha20-poly1305@openssh.com', 'aes128-ctr', 'aes192-ctr', 'aes256-ctr', 'aes128-gcm@openssh.com', 'aes256-gcm@openssh.com'] client mac:['umac-64-etm@openssh.com', 'umac-128-etm@openssh.com', 'hmac-sha2-256-etm@openssh.com', 'hmac-sha2-512-etm@openssh.com', 'hmac-sha1-etm@openssh.com', 'umac-64@openssh.com', 'umac-128@openssh.com', 'hmac-sha2-256', 'hmac-sha2-512', 'hmac-sha1'] server mac:['umac-64-etm@openssh.com', 'umac-128-etm@openssh.com', 'hmac-sha2-256-etm@openssh.com', 'hmac-sha2-512-etm@openssh.com', 'hmac-sha1-etm@openssh.com', 'umac-64@openssh.com', 'umac-128@openssh.com', 'hmac-sha2-256', 'hmac-sha2-512', 'hmac-sha1'] client compress:['none', 'zlib@openssh.com'] server compress:['none', 'zlib@openssh.com'] client lang:[''] server lang:[''] kex follows?False
DEB [20210707-16:30:39.690] thr=1   paramiko.transport: Kex agreed: curve25519-sha256@libssh.org
DEB [20210707-16:30:39.690] thr=1   paramiko.transport: HostKey agreed: ssh-ed25519
DEB [20210707-16:30:39.691] thr=1   paramiko.transport: Cipher agreed: aes128-ctr
DEB [20210707-16:30:39.691] thr=1   paramiko.transport: MAC agreed: hmac-sha2-256
DEB [20210707-16:30:39.691] thr=1   paramiko.transport: Compression agreed: none
DEB [20210707-16:30:39.758] thr=1   paramiko.transport: kex engine KexCurve25519 specified hash_algo <built-in function openssl_sha256>
DEB [20210707-16:30:39.759] thr=1   paramiko.transport: Switch to new keys ...
DEB [20210707-16:30:39.759] thr=2   paramiko.transport: Adding ssh-ed25519 host key for 10.188.82.107: b'976cf59866837d43900bb3905d126feb'
DEB [20210707-16:30:39.773] thr=2   paramiko.transport: Trying discovered key b'47d29832bab2b42ece1cbe338f0a529f' in /home/trade/.ssh/id_rsa
DEB [20210707-16:30:39.845] thr=1   paramiko.transport: userauth is OK
INF [20210707-16:30:39.876] thr=1   paramiko.transport: Authentication (publickey) failed.
DEB [20210707-16:30:39.901] thr=1   paramiko.transport: userauth is OK
INF [20210707-16:30:42.250] thr=1   paramiko.transport: Authentication (password) failed.
DEB [20210707-16:31:18.351] thr=1   paramiko.transport: starting thread (client mode): 0xb61d1bd0
DEB [20210707-16:31:18.352] thr=1   paramiko.transport: Local version/idstring: SSH-2.0-paramiko_2.7.2
DEB [20210707-16:31:18.377] thr=1   paramiko.transport: Remote version/idstring: SSH-2.0-OpenSSH_7.2p2 Ubuntu-4ubuntu2.7
INF [20210707-16:31:18.377] thr=1   paramiko.transport: Connected (version 2.0, client OpenSSH_7.2p2)
DEB [20210707-16:31:18.401] thr=1   paramiko.transport: kex algos:['curve25519-sha256@libssh.org', 'ecdh-sha2-nistp256', 'ecdh-sha2-nistp384', 'ecdh-sha2-nistp521', 'diffie-hellman-group-exchange-sha256', 'diffie-hellman-group14-sha1'] server key:['ssh-rsa', 'rsa-sha2-512', 'rsa-sha2-256', 'ecdsa-sha2-nistp256', 'ssh-ed25519'] client encrypt:['chacha20-poly1305@openssh.com', 'aes128-ctr', 'aes192-ctr', 'aes256-ctr', 'aes128-gcm@openssh.com', 'aes256-gcm@openssh.com'] server encrypt:['chacha20-poly1305@openssh.com', 'aes128-ctr', 'aes192-ctr', 'aes256-ctr', 'aes128-gcm@openssh.com', 'aes256-gcm@openssh.com'] client mac:['umac-64-etm@openssh.com', 'umac-128-etm@openssh.com', 'hmac-sha2-256-etm@openssh.com', 'hmac-sha2-512-etm@openssh.com', 'hmac-sha1-etm@openssh.com', 'umac-64@openssh.com', 'umac-128@openssh.com', 'hmac-sha2-256', 'hmac-sha2-512', 'hmac-sha1'] server mac:['umac-64-etm@openssh.com', 'umac-128-etm@openssh.com', 'hmac-sha2-256-etm@openssh.com', 'hmac-sha2-512-etm@openssh.com', 'hmac-sha1-etm@openssh.com', 'umac-64@openssh.com', 'umac-128@openssh.com', 'hmac-sha2-256', 'hmac-sha2-512', 'hmac-sha1'] client compress:['none', 'zlib@openssh.com'] server compress:['none', 'zlib@openssh.com'] client lang:[''] server lang:[''] kex follows?False
DEB [20210707-16:31:18.401] thr=1   paramiko.transport: Kex agreed: curve25519-sha256@libssh.org
DEB [20210707-16:31:18.401] thr=1   paramiko.transport: HostKey agreed: ssh-ed25519
DEB [20210707-16:31:18.401] thr=1   paramiko.transport: Cipher agreed: aes128-ctr
DEB [20210707-16:31:18.402] thr=1   paramiko.transport: MAC agreed: hmac-sha2-256
DEB [20210707-16:31:18.402] thr=1   paramiko.transport: Compression agreed: none
DEB [20210707-16:31:18.469] thr=1   paramiko.transport: kex engine KexCurve25519 specified hash_algo <built-in function openssl_sha256>
DEB [20210707-16:31:18.470] thr=1   paramiko.transport: Switch to new keys ...
DEB [20210707-16:31:18.471] thr=2   paramiko.transport: Adding ssh-ed25519 host key for 10.188.82.107: b'976cf59866837d43900bb3905d126feb'
DEB [20210707-16:31:18.481] thr=2   paramiko.transport: Trying discovered key b'47d29832bab2b42ece1cbe338f0a529f' in /home/trade/.ssh/id_rsa
DEB [20210707-16:31:18.557] thr=1   paramiko.transport: userauth is OK
INF [20210707-16:31:18.590] thr=1   paramiko.transport: Authentication (publickey) failed.
DEB [20210707-16:31:18.621] thr=1   paramiko.transport: userauth is OK
INF [20210707-16:31:21.189] thr=1   paramiko.transport: Authentication (password) failed.
DEB [20210707-16:32:38.946] thr=1   paramiko.transport: starting thread (client mode): 0x8413cd90
DEB [20210707-16:32:38.946] thr=1   paramiko.transport: Local version/idstring: SSH-2.0-paramiko_2.7.2
DEB [20210707-16:32:38.972] thr=1   paramiko.transport: Remote version/idstring: SSH-2.0-OpenSSH_7.2p2 Ubuntu-4ubuntu2.7
INF [20210707-16:32:38.972] thr=1   paramiko.transport: Connected (version 2.0, client OpenSSH_7.2p2)
DEB [20210707-16:32:38.996] thr=1   paramiko.transport: kex algos:['curve25519-sha256@libssh.org', 'ecdh-sha2-nistp256', 'ecdh-sha2-nistp384', 'ecdh-sha2-nistp521', 'diffie-hellman-group-exchange-sha256', 'diffie-hellman-group14-sha1'] server key:['ssh-rsa', 'rsa-sha2-512', 'rsa-sha2-256', 'ecdsa-sha2-nistp256', 'ssh-ed25519'] client encrypt:['chacha20-poly1305@openssh.com', 'aes128-ctr', 'aes192-ctr', 'aes256-ctr', 'aes128-gcm@openssh.com', 'aes256-gcm@openssh.com'] server encrypt:['chacha20-poly1305@openssh.com', 'aes128-ctr', 'aes192-ctr', 'aes256-ctr', 'aes128-gcm@openssh.com', 'aes256-gcm@openssh.com'] client mac:['umac-64-etm@openssh.com', 'umac-128-etm@openssh.com', 'hmac-sha2-256-etm@openssh.com', 'hmac-sha2-512-etm@openssh.com', 'hmac-sha1-etm@openssh.com', 'umac-64@openssh.com', 'umac-128@openssh.com', 'hmac-sha2-256', 'hmac-sha2-512', 'hmac-sha1'] server mac:['umac-64-etm@openssh.com', 'umac-128-etm@openssh.com', 'hmac-sha2-256-etm@openssh.com', 'hmac-sha2-512-etm@openssh.com', 'hmac-sha1-etm@openssh.com', 'umac-64@openssh.com', 'umac-128@openssh.com', 'hmac-sha2-256', 'hmac-sha2-512', 'hmac-sha1'] client compress:['none', 'zlib@openssh.com'] server compress:['none', 'zlib@openssh.com'] client lang:[''] server lang:[''] kex follows?False
DEB [20210707-16:32:38.997] thr=1   paramiko.transport: Kex agreed: curve25519-sha256@libssh.org
DEB [20210707-16:32:38.997] thr=1   paramiko.transport: HostKey agreed: ssh-ed25519
DEB [20210707-16:32:38.997] thr=1   paramiko.transport: Cipher agreed: aes128-ctr
DEB [20210707-16:32:38.997] thr=1   paramiko.transport: MAC agreed: hmac-sha2-256
DEB [20210707-16:32:38.997] thr=1   paramiko.transport: Compression agreed: none
DEB [20210707-16:32:39.066] thr=1   paramiko.transport: kex engine KexCurve25519 specified hash_algo <built-in function openssl_sha256>
DEB [20210707-16:32:39.067] thr=1   paramiko.transport: Switch to new keys ...
DEB [20210707-16:32:39.067] thr=2   paramiko.transport: Adding ssh-ed25519 host key for 10.188.82.107: b'976cf59866837d43900bb3905d126feb'
DEB [20210707-16:32:39.078] thr=2   paramiko.transport: Trying discovered key b'47d29832bab2b42ece1cbe338f0a529f' in /home/trade/.ssh/id_rsa
DEB [20210707-16:32:39.152] thr=1   paramiko.transport: userauth is OK
INF [20210707-16:32:39.183] thr=1   paramiko.transport: Authentication (publickey) failed.
DEB [20210707-16:32:39.207] thr=1   paramiko.transport: userauth is OK
INF [20210707-16:32:41.225] thr=1   paramiko.transport: Authentication (password) failed.
DEB [20210707-16:33:02.158] thr=1   paramiko.transport: starting thread (client mode): 0xb4b9aed0
DEB [20210707-16:33:02.159] thr=1   paramiko.transport: Local version/idstring: SSH-2.0-paramiko_2.7.2
DEB [20210707-16:33:02.184] thr=1   paramiko.transport: Remote version/idstring: SSH-2.0-OpenSSH_7.2p2 Ubuntu-4ubuntu2.7
INF [20210707-16:33:02.184] thr=1   paramiko.transport: Connected (version 2.0, client OpenSSH_7.2p2)
DEB [20210707-16:33:02.209] thr=1   paramiko.transport: kex algos:['curve25519-sha256@libssh.org', 'ecdh-sha2-nistp256', 'ecdh-sha2-nistp384', 'ecdh-sha2-nistp521', 'diffie-hellman-group-exchange-sha256', 'diffie-hellman-group14-sha1'] server key:['ssh-rsa', 'rsa-sha2-512', 'rsa-sha2-256', 'ecdsa-sha2-nistp256', 'ssh-ed25519'] client encrypt:['chacha20-poly1305@openssh.com', 'aes128-ctr', 'aes192-ctr', 'aes256-ctr', 'aes128-gcm@openssh.com', 'aes256-gcm@openssh.com'] server encrypt:['chacha20-poly1305@openssh.com', 'aes128-ctr', 'aes192-ctr', 'aes256-ctr', 'aes128-gcm@openssh.com', 'aes256-gcm@openssh.com'] client mac:['umac-64-etm@openssh.com', 'umac-128-etm@openssh.com', 'hmac-sha2-256-etm@openssh.com', 'hmac-sha2-512-etm@openssh.com', 'hmac-sha1-etm@openssh.com', 'umac-64@openssh.com', 'umac-128@openssh.com', 'hmac-sha2-256', 'hmac-sha2-512', 'hmac-sha1'] server mac:['umac-64-etm@openssh.com', 'umac-128-etm@openssh.com', 'hmac-sha2-256-etm@openssh.com', 'hmac-sha2-512-etm@openssh.com', 'hmac-sha1-etm@openssh.com', 'umac-64@openssh.com', 'umac-128@openssh.com', 'hmac-sha2-256', 'hmac-sha2-512', 'hmac-sha1'] client compress:['none', 'zlib@openssh.com'] server compress:['none', 'zlib@openssh.com'] client lang:[''] server lang:[''] kex follows?False
DEB [20210707-16:33:02.209] thr=1   paramiko.transport: Kex agreed: curve25519-sha256@libssh.org
DEB [20210707-16:33:02.209] thr=1   paramiko.transport: HostKey agreed: ssh-ed25519
DEB [20210707-16:33:02.209] thr=1   paramiko.transport: Cipher agreed: aes128-ctr
DEB [20210707-16:33:02.210] thr=1   paramiko.transport: MAC agreed: hmac-sha2-256
DEB [20210707-16:33:02.210] thr=1   paramiko.transport: Compression agreed: none
DEB [20210707-16:33:02.277] thr=1   paramiko.transport: kex engine KexCurve25519 specified hash_algo <built-in function openssl_sha256>
DEB [20210707-16:33:02.278] thr=1   paramiko.transport: Switch to new keys ...
DEB [20210707-16:33:02.278] thr=2   paramiko.transport: Adding ssh-ed25519 host key for 10.188.82.107: b'976cf59866837d43900bb3905d126feb'
DEB [20210707-16:33:02.289] thr=2   paramiko.transport: Trying discovered key b'47d29832bab2b42ece1cbe338f0a529f' in /home/trade/.ssh/id_rsa
DEB [20210707-16:33:02.364] thr=1   paramiko.transport: userauth is OK
INF [20210707-16:33:02.395] thr=1   paramiko.transport: Authentication (publickey) failed.
DEB [20210707-16:33:02.419] thr=1   paramiko.transport: userauth is OK
INF [20210707-16:33:04.262] thr=1   paramiko.transport: Authentication (password) failed.
